<?xml version="1.0" encoding="UTF-8"?>
<!-- Generated by org.testng.reporters.JUnitReportReporter -->
<testsuite skipped="0" hostname="DESKTOP-FQHLV6B" name="com.Rmgyantra.Authentication.BasicAuthAccessTest" tests="1" failures="0" timestamp="27 Sep 2022 11:52:07 GMT" time="12.865" errors="0">
  <testcase name="basicAuthaccessTest" time="12.865" classname="com.Rmgyantra.Authentication.BasicAuthAccessTest"/>
</testsuite> <!-- com.Rmgyantra.Authentication.BasicAuthAccessTest -->
