<?xml version="1.0" encoding="UTF-8"?>
<!-- Generated by org.testng.reporters.JUnitReportReporter -->
<testsuite skipped="0" hostname="DESKTOP-FQHLV6B" name="com.Rmgyantra.validation.Static_validationTest" tests="1" failures="0" timestamp="27 Sep 2022 10:22:39 GMT" time="11.327" errors="0">
  <testcase name="staticvalidationTest" time="11.327" classname="com.Rmgyantra.validation.Static_validationTest"/>
</testsuite> <!-- com.Rmgyantra.validation.Static_validationTest -->
