<?xml version="1.0" encoding="UTF-8"?>
<!-- Generated by org.testng.reporters.JUnitReportReporter -->
<testsuite skipped="0" hostname="DESKTOP-FQHLV6B" name="com.Rmgyantra.DiffWayOfPost.CreateProjectFromPojoTest" tests="1" failures="0" timestamp="27 Sep 2022 07:06:31 GMT" time="7.304" errors="0">
  <testcase name="createProjectFromPojoTest" time="7.304" classname="com.Rmgyantra.DiffWayOfPost.CreateProjectFromPojoTest"/>
</testsuite> <!-- com.Rmgyantra.DiffWayOfPost.CreateProjectFromPojoTest -->
