<?xml version="1.0" encoding="UTF-8"?>
<!-- Generated by org.testng.reporters.JUnitReportReporter -->
<testsuite skipped="0" hostname="DESKTOP-FQHLV6B" name="com.Rmgyantra.validation.Time_BodyValidationTest" tests="1" failures="0" timestamp="27 Sep 2022 11:09:51 GMT" time="13.386" errors="0">
  <testcase name="timeBodyValidationTest" time="13.386" classname="com.Rmgyantra.validation.Time_BodyValidationTest"/>
</testsuite> <!-- com.Rmgyantra.validation.Time_BodyValidationTest -->
