<?xml version="1.0" encoding="UTF-8"?>
<!-- Generated by org.testng.reporters.JUnitReportReporter -->
<testsuite skipped="0" hostname="DESKTOP-FQHLV6B" name="com.Rmgyantra.requestChaining.RequestChaingTest" tests="1" failures="0" timestamp="27 Sep 2022 11:01:37 GMT" time="10.903" errors="0">
  <testcase name="requestChainingTest" time="10.903" classname="com.Rmgyantra.requestChaining.RequestChaingTest"/>
</testsuite> <!-- com.Rmgyantra.requestChaining.RequestChaingTest -->
