<?xml version="1.0" encoding="UTF-8"?>
<!-- Generated by org.testng.reporters.JUnitReportReporter -->
<testsuite skipped="0" hostname="DESKTOP-FQHLV6B" name="com.Rmgyantra.requestChaining.PathAndQueryParameterTest" tests="1" failures="0" timestamp="27 Sep 2022 12:18:06 GMT" time="12.880" errors="0">
  <testcase name="pathQueryParamTest" time="12.880" classname="com.Rmgyantra.requestChaining.PathAndQueryParameterTest"/>
</testsuite> <!-- com.Rmgyantra.requestChaining.PathAndQueryParameterTest -->
