<?xml version="1.0" encoding="UTF-8"?>
<!-- Generated by org.testng.reporters.JUnitReportReporter -->
<testsuite skipped="0" hostname="DESKTOP-FQHLV6B" name="com.Rmgyantra.CRUDOperationWithoutBDD.GettingProjectTest" tests="1" failures="0" timestamp="26 Sep 2022 11:48:37 GMT" time="8.487" errors="0">
  <testcase name="gettingProTest" time="8.487" classname="com.Rmgyantra.CRUDOperationWithoutBDD.GettingProjectTest"/>
</testsuite> <!-- com.Rmgyantra.CRUDOperationWithoutBDD.GettingProjectTest -->
