<?xml version="1.0" encoding="UTF-8"?>
<!-- Generated by org.testng.reporters.JUnitReportReporter -->
<testsuite skipped="0" hostname="DESKTOP-FQHLV6B" name="com.Rmgyantra.CRUDOperationWithoutBDD.CreateProTest" tests="1" failures="0" timestamp="26 Sep 2022 14:52:20 GMT" time="11.920" errors="0">
  <testcase name="creatingProTest" time="11.920" classname="com.Rmgyantra.CRUDOperationWithoutBDD.CreateProTest"/>
</testsuite> <!-- com.Rmgyantra.CRUDOperationWithoutBDD.CreateProTest -->
