<?xml version="1.0" encoding="UTF-8"?>
<!-- Generated by org.testng.reporters.JUnitReportReporter -->
<testsuite skipped="0" hostname="DESKTOP-FQHLV6B" name="com.Rmgyantra.CRUDOperationWithBDD.GettingProjectTest" tests="1" failures="0" timestamp="27 Sep 2022 06:09:58 GMT" time="4.658" errors="0">
  <testcase name="gettingProjectTest" time="4.658" classname="com.Rmgyantra.CRUDOperationWithBDD.GettingProjectTest"/>
</testsuite> <!-- com.Rmgyantra.CRUDOperationWithBDD.GettingProjectTest -->
