<?xml version="1.0" encoding="UTF-8"?>
<!-- Generated by org.testng.reporters.JUnitReportReporter -->
<testsuite skipped="0" hostname="DESKTOP-FQHLV6B" name="com.Rmgyantra.DiffWayOfPost.DataProInPojoTest" tests="2" failures="0" timestamp="27 Sep 2022 07:26:31 GMT" time="11.428" errors="0">
  <testcase name="dataProInPojoTest" time="11.181" classname="com.Rmgyantra.DiffWayOfPost.DataProInPojoTest"/>
  <testcase name="dataProInPojoTest" time="0.247" classname="com.Rmgyantra.DiffWayOfPost.DataProInPojoTest"/>
</testsuite> <!-- com.Rmgyantra.DiffWayOfPost.DataProInPojoTest -->
