<?xml version="1.0" encoding="UTF-8"?>
<!-- Generated by org.testng.reporters.JUnitReportReporter -->
<testsuite skipped="0" hostname="DESKTOP-FQHLV6B" name="com.Rmgyantra.Authentication.BarerTokenTest" tests="1" failures="0" timestamp="27 Sep 2022 12:05:25 GMT" time="11.514" errors="0">
  <testcase name="barerTokenTest" time="11.514" classname="com.Rmgyantra.Authentication.BarerTokenTest"/>
</testsuite> <!-- com.Rmgyantra.Authentication.BarerTokenTest -->
