<?xml version="1.0" encoding="UTF-8"?>
<!-- Generated by org.testng.reporters.JUnitReportReporter -->
<testsuite skipped="0" hostname="DESKTOP-FQHLV6B" name="com.Rmgyantra.validation.Dynamic_validationTest" tests="1" failures="0" timestamp="27 Sep 2022 10:12:30 GMT" time="9.673" errors="0">
  <testcase name="dynamic_validationtest" time="9.673" classname="com.Rmgyantra.validation.Dynamic_validationTest"/>
</testsuite> <!-- com.Rmgyantra.validation.Dynamic_validationTest -->
