<?xml version="1.0" encoding="UTF-8"?>
<!-- Generated by org.testng.reporters.JUnitReportReporter -->
<testsuite skipped="0" hostname="DESKTOP-FQHLV6B" name="com.Rmgyantra.CRUDOperationWithoutBDD.CreatingProjectTest" tests="1" failures="0" timestamp="26 Sep 2022 12:24:38 GMT" time="9.608" errors="0">
  <testcase name="creatingProTest" time="9.608" classname="com.Rmgyantra.CRUDOperationWithoutBDD.CreatingProjectTest"/>
</testsuite> <!-- com.Rmgyantra.CRUDOperationWithoutBDD.CreatingProjectTest -->
