<?xml version="1.0" encoding="UTF-8"?>
<!-- Generated by org.testng.reporters.JUnitReportReporter -->
<testsuite skipped="0" hostname="DESKTOP-FQHLV6B" name="com.Rmgyantra.CRUDOperationWithBDD.CreatingProjectTest" tests="1" failures="0" timestamp="27 Sep 2022 06:09:35 GMT" time="12.412" errors="0">
  <testcase name="creatingProjectTest" time="12.412" classname="com.Rmgyantra.CRUDOperationWithBDD.CreatingProjectTest"/>
</testsuite> <!-- com.Rmgyantra.CRUDOperationWithBDD.CreatingProjectTest -->
