<?xml version="1.0" encoding="UTF-8"?>
<!-- Generated by org.testng.reporters.JUnitReportReporter -->
<testsuite skipped="0" hostname="DESKTOP-FQHLV6B" name="com.Rmgyantra.CRUDOperationWithoutBDD.UpdatingWithPatchTest" tests="1" failures="0" timestamp="26 Sep 2022 15:02:57 GMT" time="8.817" errors="0">
  <testcase name="creatingProTest" time="8.817" classname="com.Rmgyantra.CRUDOperationWithoutBDD.UpdatingWithPatchTest"/>
</testsuite> <!-- com.Rmgyantra.CRUDOperationWithoutBDD.UpdatingWithPatchTest -->
