<?xml version="1.0" encoding="UTF-8"?>
<!-- Generated by org.testng.reporters.JUnitReportReporter -->
<testsuite skipped="0" hostname="DESKTOP-FQHLV6B" name="com.Rmgyantra.DiffWayOfPost.CreateProjectTest" tests="1" failures="0" timestamp="27 Sep 2022 06:39:05 GMT" time="6.896" errors="0">
  <testcase name="createProjectTest" time="6.896" classname="com.Rmgyantra.DiffWayOfPost.CreateProjectTest"/>
</testsuite> <!-- com.Rmgyantra.DiffWayOfPost.CreateProjectTest -->
