<?xml version="1.0" encoding="UTF-8"?>
<!-- Generated by org.testng.reporters.JUnitReportReporter -->
<testsuite skipped="0" hostname="DESKTOP-FQHLV6B" name="com.Rmgyantra.CRUDOperationWithoutBDD.UpdateProTest" tests="1" failures="0" timestamp="26 Sep 2022 14:54:48 GMT" time="9.475" errors="0">
  <testcase name="updateWithPutTest" time="9.475" classname="com.Rmgyantra.CRUDOperationWithoutBDD.UpdateProTest"/>
</testsuite> <!-- com.Rmgyantra.CRUDOperationWithoutBDD.UpdateProTest -->
