<?xml version="1.0" encoding="UTF-8"?>
<!-- Generated by org.testng.reporters.JUnitReportReporter -->
<testsuite skipped="0" hostname="DESKTOP-FQHLV6B" name="com.Rmgyantra.DiffWayOfPost.CreateProjectFromExtFileTest" tests="1" failures="0" timestamp="27 Sep 2022 06:46:19 GMT" time="6.539" errors="0">
  <testcase name="createProjectFromExtFileTest" time="6.539" classname="com.Rmgyantra.DiffWayOfPost.CreateProjectFromExtFileTest"/>
</testsuite> <!-- com.Rmgyantra.DiffWayOfPost.CreateProjectFromExtFileTest -->
