<?xml version="1.0" encoding="UTF-8"?>
<!-- Generated by org.testng.reporters.JUnitReportReporter -->
<testsuite skipped="0" hostname="DESKTOP-FQHLV6B" name="com.Rmgyantra.CRUDOperationWithBDD.DeletingProjectTest" tests="1" failures="0" timestamp="27 Sep 2022 06:15:05 GMT" time="6.936" errors="0">
  <testcase name="deletingProjectTest" time="6.936" classname="com.Rmgyantra.CRUDOperationWithBDD.DeletingProjectTest"/>
</testsuite> <!-- com.Rmgyantra.CRUDOperationWithBDD.DeletingProjectTest -->
