<?xml version="1.0" encoding="UTF-8"?>
<!-- Generated by org.testng.reporters.JUnitReportReporter -->
<testsuite skipped="0" hostname="DESKTOP-FQHLV6B" name="com.Rmgyantra.Authentication.Oauth2Test" tests="1" failures="0" timestamp="28 Sep 2022 11:12:31 GMT" time="15.502" errors="0">
  <testcase name="oauth2Test" time="15.502" classname="com.Rmgyantra.Authentication.Oauth2Test"/>
</testsuite> <!-- com.Rmgyantra.Authentication.Oauth2Test -->
